
/home/runner/work/exp-ethereum-ecosystem-au/exp-ethereum-ecosystem-au/experiment/simulation/js/index-050238d1.js
    118:28  warning  Do not access Object.prototype method 'hasOwnProperty' from target object  no-prototype-builtins
    327:13  warning  Do not access Object.prototype method 'hasOwnProperty' from target object  no-prototype-builtins
    454:37  warning  Do not access Object.prototype method 'hasOwnProperty' from target object  no-prototype-builtins
    545:37  warning  'setImmediate' is not defined                                              no-undef
    803:5   warning  Unexpected combined character in character class                           no-misleading-character-class
    900:12  warning  Unnecessary escape character: \-                                           no-useless-escape
    936:14  warning  Do not access Object.prototype method 'hasOwnProperty' from target object  no-prototype-builtins
   1070:11  warning  Expected a conditional expression and instead saw an assignment            no-cond-assign
   1135:17  warning  Empty block statement                                                      no-empty
   1219:8   warning  Do not access Object.prototype method 'hasOwnProperty' from target object  no-prototype-builtins
   1312:5   warning  Do not access Object.prototype method 'hasOwnProperty' from target object  no-prototype-builtins
   1314:9   warning  Do not access Object.prototype method 'hasOwnProperty' from target object  no-prototype-builtins
   1320:9   warning  Do not access Object.prototype method 'hasOwnProperty' from target object  no-prototype-builtins
   1320:38  warning  Do not access Object.prototype method 'hasOwnProperty' from target object  no-prototype-builtins
   1350:14  warning  Do not access Object.prototype method 'hasOwnProperty' from target object  no-prototype-builtins
   1419:34  warning  'MSApp' is not defined                                                     no-undef
   1421:11  warning  'MSApp' is not defined                                                     no-undef
   1505:51  warning  Do not access Object.prototype method 'hasOwnProperty' from target object  no-prototype-builtins
   1512:11  warning  Do not access Object.prototype method 'hasOwnProperty' from target object  no-prototype-builtins
   1651:7   warning  Expected to return a value in method 'get'                                 getter-return
   1660:22  warning  'r' is defined but never used                                              no-unused-vars
   1660:25  warning  'l' is defined but never used                                              no-unused-vars
   1660:28  warning  'o' is defined but never used                                              no-unused-vars
   1660:31  warning  'i' is defined but never used                                              no-unused-vars
   1660:34  warning  'u' is defined but never used                                              no-unused-vars
   1660:37  warning  'a' is defined but never used                                              no-unused-vars
   1677:13  warning  'e' is defined but never used                                              no-unused-vars
   1677:16  warning  'n' is defined but never used                                              no-unused-vars
   1677:19  warning  't' is defined but never used                                              no-unused-vars
   1677:22  warning  'r' is defined but never used                                              no-unused-vars
   1677:25  warning  'l' is defined but never used                                              no-unused-vars
   1677:28  warning  'o' is defined but never used                                              no-unused-vars
   1677:31  warning  'i' is defined but never used                                              no-unused-vars
   1677:34  warning  'u' is defined but never used                                              no-unused-vars
   1677:37  warning  'a' is defined but never used                                              no-unused-vars
   1680:13  warning  'e' is defined but never used                                              no-unused-vars
   1680:16  warning  'n' is defined but never used                                              no-unused-vars
   1680:19  warning  't' is defined but never used                                              no-unused-vars
   1680:22  warning  'r' is defined but never used                                              no-unused-vars
   1680:25  warning  'l' is defined but never used                                              no-unused-vars
   1680:28  warning  'o' is defined but never used                                              no-unused-vars
   1680:31  warning  'i' is defined but never used                                              no-unused-vars
   1680:34  warning  'u' is defined but never used                                              no-unused-vars
   1680:37  warning  'a' is defined but never used                                              no-unused-vars
   1801:13  warning  Empty block statement                                                      no-empty
   2333:9   warning  Do not access Object.prototype method 'hasOwnProperty' from target object  no-prototype-builtins
   2352:39  warning  Invalid typeof comparison value                                            valid-typeof
   2360:40  warning  Invalid typeof comparison value                                            valid-typeof
   2495:56  warning  Expected a conditional expression and instead saw an assignment            no-cond-assign
   2913:22  warning  Do not access Object.prototype method 'hasOwnProperty' from target object  no-prototype-builtins
   3097:11  warning  Expected a 'break' statement before 'case'                                 no-fallthrough
   3113:11  warning  Expected a 'break' statement before 'case'                                 no-fallthrough
   3205:18  warning  Expected a conditional expression and instead saw an assignment            no-cond-assign
   3305:9   warning  Expected a 'break' statement before 'case'                                 no-fallthrough
   3393:8   warning  Unexpected control character(s) in regular expression: \x00                no-control-regex
   3999:13  warning  Expected a 'break' statement before 'case'                                 no-fallthrough
   4036:14  warning  Unexpected constant condition                                              no-constant-condition
   4074:13  warning  Expected a conditional expression and instead saw an assignment            no-cond-assign
   4127:15  warning  Expected a conditional expression and instead saw an assignment            no-cond-assign
   4539:12  warning  Expected a conditional expression and instead saw an assignment            no-cond-assign
   4982:15  warning  Empty block statement                                                      no-empty
   4983:17  warning  Empty block statement                                                      no-empty
   5428:12  warning  Expected a conditional expression and instead saw an assignment            no-cond-assign
   5472:10  warning  Expected a conditional expression and instead saw an assignment            no-cond-assign
   5932:14  warning  Do not access Object.prototype method 'hasOwnProperty' from target object  no-prototype-builtins
   5932:37  warning  Do not access Object.prototype method 'hasOwnProperty' from target object  no-prototype-builtins
   5935:26  warning  Do not access Object.prototype method 'hasOwnProperty' from target object  no-prototype-builtins
   5942:17  warning  Do not access Object.prototype method 'hasOwnProperty' from target object  no-prototype-builtins
   5949:11  warning  Do not access Object.prototype method 'hasOwnProperty' from target object  no-prototype-builtins
   5954:18  warning  Do not access Object.prototype method 'hasOwnProperty' from target object  no-prototype-builtins
   5955:25  warning  Do not access Object.prototype method 'hasOwnProperty' from target object  no-prototype-builtins
   5958:17  warning  Do not access Object.prototype method 'hasOwnProperty' from target object  no-prototype-builtins
   5972:19  warning  Do not access Object.prototype method 'hasOwnProperty' from target object  no-prototype-builtins
   6110:19  warning  Do not access Object.prototype method 'hasOwnProperty' from target object  no-prototype-builtins
   6123:22  warning  Do not access Object.prototype method 'hasOwnProperty' from target object  no-prototype-builtins
   6208:21  warning  Do not access Object.prototype method 'hasOwnProperty' from target object  no-prototype-builtins
   6221:25  warning  Do not access Object.prototype method 'hasOwnProperty' from target object  no-prototype-builtins
   6727:13  warning  Empty block statement                                                      no-empty
   6731:5   warning  Expected a 'break' statement before 'case'                                 no-fallthrough
   7039:40  warning  Do not access Object.prototype method 'hasOwnProperty' from target object  no-prototype-builtins
   7118:16  warning  'n' is defined but never used                                              no-unused-vars
   7118:19  warning  't' is defined but never used                                              no-unused-vars
   7121:16  warning  'n' is defined but never used                                              no-unused-vars
   7121:19  warning  't' is defined but never used                                              no-unused-vars
   7432:12  warning  Unexpected constant condition                                              no-constant-condition
   7783:12  warning  Unexpected constant condition                                              no-constant-condition
   7805:10  warning  Unexpected constant condition                                              no-constant-condition
   8031:19  warning  Empty block statement                                                      no-empty
   8853:1   warning  'xu' is a function                                                         no-func-assign
   8854:1   warning  'wu' is a function                                                         no-func-assign
   8889:12  warning  '__REACT_DEVTOOLS_GLOBAL_HOOK__' is not defined                            no-undef
   8893:13  warning  Empty block statement                                                      no-empty
   8985:14  warning  '__REACT_DEVTOOLS_GLOBAL_HOOK__' is not defined                            no-undef
   8989:7   warning  '__REACT_DEVTOOLS_GLOBAL_HOOK__' is not defined                            no-undef
   8998:61  warning  'n' is defined but never used                                              no-unused-vars
   9143:11  warning  'r' is assigned a value but never used                                     no-unused-vars
   9144:8   warning  'l' is assigned a value but never used                                     no-unused-vars
   9626:22  warning  'e' is defined but never used                                              no-unused-vars
   9723:6   warning  'a' is assigned a value but never used                                     no-unused-vars
  10308:9   warning  'r' is assigned a value but never used                                     no-unused-vars
  10367:11  warning  'i' is assigned a value but never used                                     no-unused-vars
  10368:11  warning  'a' is assigned a value but never used                                     no-unused-vars
  10635:11  warning  'u' is assigned a value but never used                                     no-unused-vars
  10636:11  warning  'd' is assigned a value but never used                                     no-unused-vars

/home/runner/work/exp-ethereum-ecosystem-au/exp-ethereum-ecosystem-au/experiment/simulation/js/index-81f3a953.js
   9:1588   warning  Do not access Object.prototype method 'hasOwnProperty' from target object  no-prototype-builtins
   9:4551   warning  Do not access Object.prototype method 'hasOwnProperty' from target object  no-prototype-builtins
  17:376    warning  Do not access Object.prototype method 'hasOwnProperty' from target object  no-prototype-builtins
  25:928    warning  'setImmediate' is not defined                                              no-undef
  33:596    warning  Unexpected combined character in character class                           no-misleading-character-class
  33:3023   warning  Unnecessary escape character: \-                                           no-useless-escape
  33:4912   warning  Do not access Object.prototype method 'hasOwnProperty' from target object  no-prototype-builtins
  37:202    warning  Expected a conditional expression and instead saw an assignment            no-cond-assign
  37:1216   warning  Empty block statement                                                      no-empty
  37:2389   warning  Do not access Object.prototype method 'hasOwnProperty' from target object  no-prototype-builtins
  37:3868   warning  Do not access Object.prototype method 'hasOwnProperty' from target object  no-prototype-builtins
  37:3909   warning  Do not access Object.prototype method 'hasOwnProperty' from target object  no-prototype-builtins
  37:4076   warning  Do not access Object.prototype method 'hasOwnProperty' from target object  no-prototype-builtins
  37:4103   warning  Do not access Object.prototype method 'hasOwnProperty' from target object  no-prototype-builtins
  37:4694   warning  Do not access Object.prototype method 'hasOwnProperty' from target object  no-prototype-builtins
  37:6030   warning  'MSApp' is not defined                                                     no-undef
  37:6078   warning  'MSApp' is not defined                                                     no-undef
  37:7458   warning  Do not access Object.prototype method 'hasOwnProperty' from target object  no-prototype-builtins
  37:7551   warning  Do not access Object.prototype method 'hasOwnProperty' from target object  no-prototype-builtins
  37:8633   warning  Expected a conditional expression and instead saw an assignment            no-cond-assign
  37:9654   warning  Expected to return a value in method 'get'                                 getter-return
  37:9787   warning  'r' is defined but never used                                              no-unused-vars
  37:9789   warning  'l' is defined but never used                                              no-unused-vars
  37:9791   warning  'o' is defined but never used                                              no-unused-vars
  37:9793   warning  'i' is defined but never used                                              no-unused-vars
  37:9795   warning  'u' is defined but never used                                              no-unused-vars
  37:9797   warning  'a' is defined but never used                                              no-unused-vars
  37:9970   warning  'e' is defined but never used                                              no-unused-vars
  37:9972   warning  'n' is defined but never used                                              no-unused-vars
  37:9974   warning  't' is defined but never used                                              no-unused-vars
  37:9976   warning  'r' is defined but never used                                              no-unused-vars
  37:9978   warning  'l' is defined but never used                                              no-unused-vars
  37:9980   warning  'o' is defined but never used                                              no-unused-vars
  37:9982   warning  'i' is defined but never used                                              no-unused-vars
  37:9984   warning  'u' is defined but never used                                              no-unused-vars
  37:9986   warning  'a' is defined but never used                                              no-unused-vars
  37:10038  warning  'e' is defined but never used                                              no-unused-vars
  37:10040  warning  'n' is defined but never used                                              no-unused-vars
  37:10042  warning  't' is defined but never used                                              no-unused-vars
  37:10044  warning  'r' is defined but never used                                              no-unused-vars
  37:10046  warning  'l' is defined but never used                                              no-unused-vars
  37:10048  warning  'o' is defined but never used                                              no-unused-vars
  37:10050  warning  'i' is defined but never used                                              no-unused-vars
  37:10052  warning  'u' is defined but never used                                              no-unused-vars
  37:10054  warning  'a' is defined but never used                                              no-unused-vars
  37:11886  warning  Empty block statement                                                      no-empty
  37:19766  warning  Do not access Object.prototype method 'hasOwnProperty' from target object  no-prototype-builtins
  37:20108  warning  Invalid typeof comparison value                                            valid-typeof
  37:20282  warning  Invalid typeof comparison value                                            valid-typeof
  37:22147  warning  Expected a conditional expression and instead saw an assignment            no-cond-assign
  37:27707  warning  Expected a conditional expression and instead saw an assignment            no-cond-assign
  37:29173  warning  Do not access Object.prototype method 'hasOwnProperty' from target object  no-prototype-builtins
  37:33273  warning  Expected a 'break' statement before 'case'                                 no-fallthrough
  37:33460  warning  Expected a 'break' statement before 'case'                                 no-fallthrough
  37:34577  warning  Expected a conditional expression and instead saw an assignment            no-cond-assign
  37:36022  warning  Expected a 'break' statement before 'case'                                 no-fallthrough
  37:37452  warning  Unexpected control character(s) in regular expression: \x00                no-control-regex
  38:1506   warning  Expected a conditional expression and instead saw an assignment            no-cond-assign
  38:1606   warning  Expected a conditional expression and instead saw an assignment            no-cond-assign
  38:8988   warning  Expected a 'break' statement before 'case'                                 no-fallthrough
  38:9444   warning  Unexpected constant condition                                              no-constant-condition
  38:10054  warning  Expected a conditional expression and instead saw an assignment            no-cond-assign
  38:10917  warning  Expected a conditional expression and instead saw an assignment            no-cond-assign
  38:18211  warning  Expected a conditional expression and instead saw an assignment            no-cond-assign
  38:24717  warning  Empty block statement                                                      no-empty
  38:24726  warning  Empty block statement                                                      no-empty
  40:3962   warning  Expected a conditional expression and instead saw an assignment            no-cond-assign
  40:5084   warning  Expected a conditional expression and instead saw an assignment            no-cond-assign
  40:12845  warning  Do not access Object.prototype method 'hasOwnProperty' from target object  no-prototype-builtins
  40:12866  warning  Do not access Object.prototype method 'hasOwnProperty' from target object  no-prototype-builtins
  40:12936  warning  Do not access Object.prototype method 'hasOwnProperty' from target object  no-prototype-builtins
  40:13118  warning  Do not access Object.prototype method 'hasOwnProperty' from target object  no-prototype-builtins
  40:13220  warning  Do not access Object.prototype method 'hasOwnProperty' from target object  no-prototype-builtins
  40:13300  warning  Do not access Object.prototype method 'hasOwnProperty' from target object  no-prototype-builtins
  40:13324  warning  Do not access Object.prototype method 'hasOwnProperty' from target object  no-prototype-builtins
  40:13376  warning  Do not access Object.prototype method 'hasOwnProperty' from target object  no-prototype-builtins
  40:13731  warning  Do not access Object.prototype method 'hasOwnProperty' from target object  no-prototype-builtins
  40:15913  warning  Do not access Object.prototype method 'hasOwnProperty' from target object  no-prototype-builtins
  40:16192  warning  Do not access Object.prototype method 'hasOwnProperty' from target object  no-prototype-builtins
  40:16638  warning  Unnecessary escape character: \/                                           no-useless-escape
  40:17508  warning  Do not access Object.prototype method 'hasOwnProperty' from target object  no-prototype-builtins
  40:17817  warning  Do not access Object.prototype method 'hasOwnProperty' from target object  no-prototype-builtins
  40:25810  warning  Empty block statement                                                      no-empty
  40:25845  warning  Expected a 'break' statement before 'case'                                 no-fallthrough
  40:29896  warning  Do not access Object.prototype method 'hasOwnProperty' from target object  no-prototype-builtins
  40:30873  warning  'n' is defined but never used                                              no-unused-vars
  40:30875  warning  't' is defined but never used                                              no-unused-vars
  40:30902  warning  'n' is defined but never used                                              no-unused-vars
  40:30904  warning  't' is defined but never used                                              no-unused-vars
  40:34575  warning  Unexpected constant condition                                              no-constant-condition
  40:39052  warning  Unexpected constant condition                                              no-constant-condition
  40:39334  warning  Unexpected constant condition                                              no-constant-condition
  40:42303  warning  Empty block statement                                                      no-empty
  40:52714  warning  Expected a conditional expression and instead saw an assignment            no-cond-assign
  40:54113  warning  'xu' is a function                                                         no-func-assign
  40:54119  warning  'wu' is a function                                                         no-func-assign
  40:55036  warning  '__REACT_DEVTOOLS_GLOBAL_HOOK__' is not defined                            no-undef
  40:55135  warning  Empty block statement                                                      no-empty
  40:57167  warning  '__REACT_DEVTOOLS_GLOBAL_HOOK__' is not defined                            no-undef
  40:57224  warning  '__REACT_DEVTOOLS_GLOBAL_HOOK__' is not defined                            no-undef
  40:57450  warning  'n' is defined but never used                                              no-unused-vars
  40:60996  warning  'r' is assigned a value but never used                                     no-unused-vars
  40:61014  warning  'l' is assigned a value but never used                                     no-unused-vars
  40:69049  warning  'e' is defined but never used                                              no-unused-vars
  40:70677  warning  'a' is assigned a value but never used                                     no-unused-vars
  40:79741  warning  'r' is assigned a value but never used                                     no-unused-vars
  40:80830  warning  'i' is assigned a value but never used                                     no-unused-vars
  40:80855  warning  'a' is assigned a value but never used                                     no-unused-vars
  40:84975  warning  'u' is assigned a value but never used                                     no-unused-vars
  40:84999  warning  'd' is assigned a value but never used                                     no-unused-vars

✖ 214 problems (0 errors, 214 warnings)

